<?xml version="1.0" encoding="UTF-8"?>
<testng-results ignored="0" total="2" passed="2" failed="0" skipped="0">
  <reporter-output>
  </reporter-output>
  <suite started-at="2023-01-07T03:01:59 CET" name="InetBankingV1" finished-at="2023-01-07T03:02:41 CET" duration-ms="41470">
    <groups>
    </groups>
    <test started-at="2023-01-07T03:01:59 CET" name="BankingApp Test" finished-at="2023-01-07T03:02:41 CET" duration-ms="41470">
      <class name="com.inetbanking.testCases.TC_LoginTest_001">
        <test-method is-config="true" signature="setup(java.lang.String)[pri:0, instance:com.inetbanking.testCases.TC_LoginTest_001@4b8d604b]" started-at="2023-01-07T03:01:59 CET" name="setup" finished-at="2023-01-07T03:02:13 CET" duration-ms="13494" status="PASS">
          <params>
            <param index="0">
              <value>
                <![CDATA[chrome]]>
              </value>
            </param>
          </params>
          <reporter-output>
          </reporter-output>
        </test-method> <!-- setup -->
        <test-method signature="loginTest()[pri:0, instance:com.inetbanking.testCases.TC_LoginTest_001@4b8d604b]" started-at="2023-01-07T03:02:13 CET" name="loginTest" finished-at="2023-01-07T03:02:21 CET" duration-ms="7972" status="PASS">
          <reporter-output>
          </reporter-output>
        </test-method> <!-- loginTest -->
        <test-method is-config="true" signature="tearDown()[pri:0, instance:com.inetbanking.testCases.TC_LoginTest_001@4b8d604b]" started-at="2023-01-07T03:02:21 CET" name="tearDown" finished-at="2023-01-07T03:02:21 CET" duration-ms="265" status="PASS">
          <reporter-output>
          </reporter-output>
        </test-method> <!-- tearDown -->
      </class> <!-- com.inetbanking.testCases.TC_LoginTest_001 -->
      <class name="com.inetbanking.testCases.TC_AddCustomerTest_003">
        <test-method is-config="true" signature="setup(java.lang.String)[pri:0, instance:com.inetbanking.testCases.TC_AddCustomerTest_003@3feb2dda]" started-at="2023-01-07T03:02:21 CET" name="setup" finished-at="2023-01-07T03:02:31 CET" duration-ms="9733" status="PASS">
          <params>
            <param index="0">
              <value>
                <![CDATA[chrome]]>
              </value>
            </param>
          </params>
          <reporter-output>
          </reporter-output>
        </test-method> <!-- setup -->
        <test-method signature="addNewCustomer()[pri:0, instance:com.inetbanking.testCases.TC_AddCustomerTest_003@3feb2dda]" started-at="2023-01-07T03:02:31 CET" name="addNewCustomer" finished-at="2023-01-07T03:02:40 CET" duration-ms="9453" status="PASS">
          <reporter-output>
          </reporter-output>
        </test-method> <!-- addNewCustomer -->
        <test-method is-config="true" signature="tearDown()[pri:0, instance:com.inetbanking.testCases.TC_AddCustomerTest_003@3feb2dda]" started-at="2023-01-07T03:02:40 CET" name="tearDown" finished-at="2023-01-07T03:02:41 CET" duration-ms="291" status="PASS">
          <reporter-output>
          </reporter-output>
        </test-method> <!-- tearDown -->
      </class> <!-- com.inetbanking.testCases.TC_AddCustomerTest_003 -->
    </test> <!-- BankingApp Test -->
  </suite> <!-- InetBankingV1 -->
</testng-results>
